{"/media/mcbhee/01CFFAFC57FC9F70/wamp/www/andela/checkpoints/stringClass/spec/spec/stringClassSpec.js":{"path":"/media/mcbhee/01CFFAFC57FC9F70/wamp/www/andela/checkpoints/stringClass/spec/spec/stringClassSpec.js","s":{"1":1,"2":0,"3":0,"4":0,"5":0,"6":0,"7":0,"8":0,"9":0,"10":0,"11":0,"12":0,"13":0,"14":0,"15":0,"16":0,"17":0,"18":0,"19":0,"20":0,"21":0,"22":0,"23":0,"24":0,"25":0,"26":0,"27":0,"28":0,"29":0,"30":0,"31":0,"32":0},"b":{},"f":{"1":0,"2":0,"3":0,"4":0,"5":0,"6":0,"7":0,"8":0,"9":0,"10":0,"11":0,"12":0,"13":0,"14":0,"15":0,"16":0,"17":0,"18":0,"19":0,"20":0,"21":0,"22":0},"fnMap":{"1":{"name":"(anonymous_1)","line":3,"loc":{"start":{"line":3,"column":39},"end":{"line":3,"column":51}}},"2":{"name":"(anonymous_2)","line":4,"loc":{"start":{"line":4,"column":56},"end":{"line":4,"column":68}}},"3":{"name":"(anonymous_3)","line":10,"loc":{"start":{"line":10,"column":22},"end":{"line":10,"column":34}}},"4":{"name":"(anonymous_4)","line":11,"loc":{"start":{"line":11,"column":74},"end":{"line":11,"column":86}}},"5":{"name":"(anonymous_5)","line":14,"loc":{"start":{"line":14,"column":83},"end":{"line":14,"column":95}}},"6":{"name":"(anonymous_6)","line":19,"loc":{"start":{"line":19,"column":20},"end":{"line":19,"column":32}}},"7":{"name":"(anonymous_7)","line":20,"loc":{"start":{"line":20,"column":59},"end":{"line":20,"column":71}}},"8":{"name":"(anonymous_8)","line":25,"loc":{"start":{"line":25,"column":20},"end":{"line":25,"column":32}}},"9":{"name":"(anonymous_9)","line":26,"loc":{"start":{"line":26,"column":58},"end":{"line":26,"column":70}}},"10":{"name":"(anonymous_10)","line":31,"loc":{"start":{"line":31,"column":20},"end":{"line":31,"column":32}}},"11":{"name":"(anonymous_11)","line":32,"loc":{"start":{"line":32,"column":84},"end":{"line":32,"column":96}}},"12":{"name":"(anonymous_12)","line":38,"loc":{"start":{"line":38,"column":23},"end":{"line":38,"column":35}}},"13":{"name":"(anonymous_13)","line":39,"loc":{"start":{"line":39,"column":93},"end":{"line":39,"column":105}}},"14":{"name":"(anonymous_14)","line":42,"loc":{"start":{"line":42,"column":106},"end":{"line":42,"column":118}}},"15":{"name":"(anonymous_15)","line":47,"loc":{"start":{"line":47,"column":18},"end":{"line":47,"column":30}}},"16":{"name":"(anonymous_16)","line":48,"loc":{"start":{"line":48,"column":85},"end":{"line":48,"column":97}}},"17":{"name":"(anonymous_17)","line":53,"loc":{"start":{"line":53,"column":22},"end":{"line":53,"column":34}}},"18":{"name":"(anonymous_18)","line":54,"loc":{"start":{"line":54,"column":108},"end":{"line":54,"column":120}}},"19":{"name":"(anonymous_19)","line":59,"loc":{"start":{"line":59,"column":23},"end":{"line":59,"column":35}}},"20":{"name":"(anonymous_20)","line":60,"loc":{"start":{"line":60,"column":62},"end":{"line":60,"column":74}}},"21":{"name":"(anonymous_21)","line":65,"loc":{"start":{"line":65,"column":25},"end":{"line":65,"column":37}}},"22":{"name":"(anonymous_22)","line":66,"loc":{"start":{"line":66,"column":69},"end":{"line":66,"column":81}}}},"statementMap":{"1":{"start":{"line":3,"column":0},"end":{"line":8,"column":3}},"2":{"start":{"line":4,"column":2},"end":{"line":7,"column":5}},"3":{"start":{"line":5,"column":6},"end":{"line":5,"column":48}},"4":{"start":{"line":10,"column":0},"end":{"line":17,"column":3}},"5":{"start":{"line":11,"column":2},"end":{"line":13,"column":5}},"6":{"start":{"line":12,"column":4},"end":{"line":12,"column":47}},"7":{"start":{"line":14,"column":2},"end":{"line":16,"column":5}},"8":{"start":{"line":15,"column":4},"end":{"line":15,"column":49}},"9":{"start":{"line":19,"column":0},"end":{"line":23,"column":3}},"10":{"start":{"line":20,"column":2},"end":{"line":22,"column":4}},"11":{"start":{"line":21,"column":4},"end":{"line":21,"column":73}},"12":{"start":{"line":25,"column":0},"end":{"line":29,"column":3}},"13":{"start":{"line":26,"column":2},"end":{"line":28,"column":5}},"14":{"start":{"line":27,"column":4},"end":{"line":27,"column":73}},"15":{"start":{"line":31,"column":0},"end":{"line":36,"column":3}},"16":{"start":{"line":32,"column":2},"end":{"line":35,"column":5}},"17":{"start":{"line":33,"column":4},"end":{"line":33,"column":53}},"18":{"start":{"line":34,"column":4},"end":{"line":34,"column":71}},"19":{"start":{"line":38,"column":0},"end":{"line":45,"column":3}},"20":{"start":{"line":39,"column":2},"end":{"line":41,"column":5}},"21":{"start":{"line":40,"column":4},"end":{"line":40,"column":68}},"22":{"start":{"line":42,"column":2},"end":{"line":44,"column":5}},"23":{"start":{"line":43,"column":4},"end":{"line":43,"column":68}},"24":{"start":{"line":47,"column":0},"end":{"line":51,"column":3}},"25":{"start":{"line":48,"column":2},"end":{"line":50,"column":5}},"26":{"start":{"line":49,"column":4},"end":{"line":49,"column":133}},"27":{"start":{"line":53,"column":0},"end":{"line":57,"column":3}},"28":{"start":{"line":54,"column":2},"end":{"line":56,"column":5}},"29":{"start":{"line":59,"column":0},"end":{"line":63,"column":3}},"30":{"start":{"line":60,"column":2},"end":{"line":62,"column":5}},"31":{"start":{"line":65,"column":0},"end":{"line":69,"column":3}},"32":{"start":{"line":66,"column":2},"end":{"line":68,"column":5}}},"branchMap":{}}}