TN:
SF:/media/mcbhee/01CFFAFC57FC9F70/wamp/www/andela/checkpoints/stringClass/spec/spec/stringClassSpec.js
FN:3,(anonymous_1)
FN:4,(anonymous_2)
FN:10,(anonymous_3)
FN:11,(anonymous_4)
FN:14,(anonymous_5)
FN:19,(anonymous_6)
FN:20,(anonymous_7)
FN:25,(anonymous_8)
FN:26,(anonymous_9)
FN:31,(anonymous_10)
FN:32,(anonymous_11)
FN:38,(anonymous_12)
FN:39,(anonymous_13)
FN:42,(anonymous_14)
FN:47,(anonymous_15)
FN:48,(anonymous_16)
FN:53,(anonymous_17)
FN:54,(anonymous_18)
FN:59,(anonymous_19)
FN:60,(anonymous_20)
FN:65,(anonymous_21)
FN:66,(anonymous_22)
FNF:22
FNH:0
FNDA:0,(anonymous_1)
FNDA:0,(anonymous_2)
FNDA:0,(anonymous_3)
FNDA:0,(anonymous_4)
FNDA:0,(anonymous_5)
FNDA:0,(anonymous_6)
FNDA:0,(anonymous_7)
FNDA:0,(anonymous_8)
FNDA:0,(anonymous_9)
FNDA:0,(anonymous_10)
FNDA:0,(anonymous_11)
FNDA:0,(anonymous_12)
FNDA:0,(anonymous_13)
FNDA:0,(anonymous_14)
FNDA:0,(anonymous_15)
FNDA:0,(anonymous_16)
FNDA:0,(anonymous_17)
FNDA:0,(anonymous_18)
FNDA:0,(anonymous_19)
FNDA:0,(anonymous_20)
FNDA:0,(anonymous_21)
FNDA:0,(anonymous_22)
DA:3,1
DA:4,0
DA:5,0
DA:10,0
DA:11,0
DA:12,0
DA:14,0
DA:15,0
DA:19,0
DA:20,0
DA:21,0
DA:25,0
DA:26,0
DA:27,0
DA:31,0
DA:32,0
DA:33,0
DA:34,0
DA:38,0
DA:39,0
DA:40,0
DA:42,0
DA:43,0
DA:47,0
DA:48,0
DA:49,0
DA:53,0
DA:54,0
DA:59,0
DA:60,0
DA:65,0
DA:66,0
LF:32
LH:1
BRF:0
BRH:0
end_of_record
